<?xml version="1.0" encoding="UTF-8"?>
<testsuites name="Mocha Tests" time="5.9750" tests="4" failures="0">
  <testsuite name="Root Suite" timestamp="2022-05-08T13:28:06" tests="0" time="0.0000" failures="0">
  </testsuite>
  <testsuite name="Preparing to test API" timestamp="2022-05-08T13:28:06" tests="0" file="D:\Study\MERN\FP_Challenge\MiniProject_NodeJS\Cricket Analytics\test\test.js" time="0.0000" failures="0">
  </testsuite>
  <testsuite name="API testing started" timestamp="2022-05-08T13:28:06" tests="4" file="D:\Study\MERN\FP_Challenge\MiniProject_NodeJS\Cricket Analytics\test\test.js" time="5.9750" failures="0">
    <testcase name="Preparing to test API API testing started it should test prob1 API" time="0.0610" classname="it should test prob1 API">
    </testcase>
    <testcase name="Preparing to test API API testing started it should test prob2 API" time="1.5010" classname="it should test prob2 API">
    </testcase>
    <testcase name="Preparing to test API API testing started it should test prob3 API" time="2.5440" classname="it should test prob3 API">
    </testcase>
    <testcase name="Preparing to test API API testing started it should test prob 4 API" time="1.8690" classname="it should test prob 4 API">
    </testcase>
  </testsuite>
</testsuites>